<?xml version="1.0" encoding="UTF-8"?>
<!-- Generated by org.testng.reporters.JUnitReportReporter -->
<testsuite hostname="DESKTOP-ICC1GCP" failures="0" tests="2" name="com.TestNg.CrossBrowsing" time="20.876" errors="0" timestamp="2024-11-09T17:21:20 IST" skipped="0">
  <testcase classname="com.TestNg.CrossBrowsing" name="GoogleSearch" time="8.180"/>
  <testcase classname="com.TestNg.CrossBrowsing" name="GoogleSearch" time="12.696"/>
</testsuite> <!-- com.TestNg.CrossBrowsing -->
