<?xml version="1.0" encoding="UTF-8"?>
<!-- Generated by org.testng.reporters.JUnitReportReporter -->
<testsuite hostname="DESKTOP-ICC1GCP" failures="0" tests="5" name="GoogleSearchWithDataProvider" time="50.839" errors="0" timestamp="2024-11-16T17:36:52 IST" skipped="0">
  <testcase classname="GoogleSearchWithDataProvider" name="Search" time="9.844"/>
  <testcase classname="GoogleSearchWithDataProvider" name="Search" time="10.458"/>
  <testcase classname="GoogleSearchWithDataProvider" name="Search" time="9.468"/>
  <testcase classname="GoogleSearchWithDataProvider" name="Search" time="9.959"/>
  <testcase classname="GoogleSearchWithDataProvider" name="Search" time="11.110"/>
</testsuite> <!-- GoogleSearchWithDataProvider -->
