<?xml version="1.0" encoding="UTF-8"?>
<!-- Generated by org.testng.reporters.JUnitReportReporter -->
<testsuite hostname="DESKTOP-ICC1GCP" failures="0" tests="5" name="com.TestNg.Demo" time="36.932" errors="0" timestamp="2024-11-09T16:11:31 IST" skipped="0">
  <testcase classname="com.TestNg.Demo" name="Facebook" time="4.498"/>
  <testcase classname="com.TestNg.Demo" name="Amazon" time="10.378"/>
  <testcase classname="com.TestNg.Demo" name="Amazon" time="4.993"/>
  <testcase classname="com.TestNg.Demo" name="Amazon" time="8.266"/>
  <testcase classname="com.TestNg.Demo" name="GoogleSearch" time="8.797"/>
</testsuite> <!-- com.TestNg.Demo -->
