<?xml version="1.0" encoding="UTF-8"?>
<!-- Generated by org.testng.reporters.JUnitReportReporter -->
<testsuite hostname="DESKTOP-ICC1GCP" failures="0" tests="1" name="Assertion" time="7.687" errors="0" timestamp="2024-11-16T18:20:13 IST" skipped="0">
  <testcase classname="Assertion" name="Google" time="7.687"/>
</testsuite> <!-- Assertion -->
