<?xml version="1.0" encoding="UTF-8"?>
<!-- Generated by org.testng.reporters.JUnitReportReporter -->
<testsuite hostname="DESKTOP-ICC1GCP" failures="0" tests="2" name="com.TestNg.Annotation2" time="16.849" errors="0" timestamp="2024-11-16T17:06:26 IST" skipped="0">
  <testcase classname="com.TestNg.Annotation2" name="cap" time="9.308"/>
  <testcase classname="com.TestNg.Annotation2" name="watch" time="7.541"/>
</testsuite> <!-- com.TestNg.Annotation2 -->
