<?xml version="1.0" encoding="UTF-8"?>
<!-- Generated by org.testng.reporters.JUnitReportReporter -->
<testsuite hostname="DESKTOP-ICC1GCP" failures="0" tests="2" name="com.TestNg.DemoParellel" time="33.694" errors="0" timestamp="2024-11-09T16:42:35 IST" skipped="0">
  <testcase classname="com.TestNg.DemoParellel" name="Flipkart" time="15.145"/>
  <testcase classname="com.TestNg.DemoParellel" name="SauceDemo" time="18.549"/>
</testsuite> <!-- com.TestNg.DemoParellel -->
