<?xml version="1.0" encoding="UTF-8"?>
<!-- Generated by org.testng.reporters.JUnitReportReporter -->
<testsuite hostname="DESKTOP-ICC1GCP" failures="0" tests="2" name="com.TestNg.Annotation" time="21.323" errors="0" timestamp="2024-11-16T15:26:59 IST" skipped="0">
  <testcase classname="com.TestNg.Annotation" name="mobile" time="12.259"/>
  <testcase classname="com.TestNg.Annotation" name="shoes" time="9.064"/>
</testsuite> <!-- com.TestNg.Annotation -->
