<?xml version="1.0" encoding="UTF-8"?>
<!-- Generated by org.testng.reporters.JUnitReportReporter -->
<testsuite hostname="DESKTOP-ICC1GCP" failures="0" tests="2" name="com.TestNg.DemoParellel" time="36.594" errors="0" timestamp="2024-12-07T16:24:57 IST" skipped="0">
  <testcase classname="com.TestNg.DemoParellel" name="Flipkart" time="19.748"/>
  <testcase classname="com.TestNg.DemoParellel" name="SauceDemo" time="16.846"/>
</testsuite> <!-- com.TestNg.DemoParellel -->
